<?xml version="1.0" encoding="UTF-8"?>
<coverage generated="1617018513324" clover="3.2.0">
  <project timestamp="1617018513324" name="All files">
    <metrics statements="29" coveredstatements="29" conditionals="12" coveredconditionals="12" methods="12" coveredmethods="12" elements="53" coveredelements="53" complexity="0" loc="29" ncloc="29" packages="1" files="1" classes="1"/>
    <file name="Main.js" path="/Users/mdshadmirza/personal/rntl-demo/src/Main.js">
      <metrics statements="29" coveredstatements="29" conditionals="12" coveredconditionals="12" methods="12" coveredmethods="12"/>
      <line num="6" count="19" type="stmt"/>
      <line num="7" count="19" type="stmt"/>
      <line num="8" count="76" type="stmt"/>
      <line num="9" count="76" type="stmt"/>
      <line num="11" count="19" type="stmt"/>
      <line num="15" count="19" type="stmt"/>
      <line num="16" count="19" type="stmt"/>
      <line num="17" count="19" type="stmt"/>
      <line num="19" count="19" type="stmt"/>
      <line num="20" count="35" type="stmt"/>
      <line num="21" count="9" type="stmt"/>
      <line num="22" count="9" type="stmt"/>
      <line num="23" count="9" type="stmt"/>
      <line num="24" count="9" type="stmt"/>
      <line num="27" count="19" type="stmt"/>
      <line num="28" count="1" type="stmt"/>
      <line num="29" count="1" type="stmt"/>
      <line num="30" count="1" type="stmt"/>
      <line num="31" count="1" type="stmt"/>
      <line num="32" count="1" type="stmt"/>
      <line num="35" count="19" type="stmt"/>
      <line num="36" count="3" type="cond" truecount="2" falsecount="0"/>
      <line num="37" count="1" type="stmt"/>
      <line num="39" count="2" type="stmt"/>
      <line num="43" count="19" type="stmt"/>
      <line num="44" count="10" type="stmt"/>
      <line num="47" count="19" type="stmt"/>
      <line num="59" count="70" type="stmt"/>
      <line num="74" count="25" type="stmt"/>
    </file>
  </project>
</coverage>
