{"/Users/mdshadmirza/personal/rntl-demo/src/Main.js": {"path":"/Users/mdshadmirza/personal/rntl-demo/src/Main.js","statementMap":{"0":{"start":{"line":6,"column":18},"end":{"line":6,"column":33}},"1":{"start":{"line":7,"column":4},"end":{"line":10,"column":5}},"2":{"start":{"line":7,"column":17},"end":{"line":7,"column":33}},"3":{"start":{"line":8,"column":18},"end":{"line":8,"column":53}},"4":{"start":{"line":9,"column":8},"end":{"line":9,"column":52}},"5":{"start":{"line":11,"column":2},"end":{"line":11,"column":15}},"6":{"start":{"line":15,"column":36},"end":{"line":15,"column":72}},"7":{"start":{"line":16,"column":32},"end":{"line":16,"column":44}},"8":{"start":{"line":17,"column":32},"end":{"line":17,"column":46}},"9":{"start":{"line":19,"column":23},"end":{"line":25,"column":5}},"10":{"start":{"line":20,"column":33},"end":{"line":20,"column":71}},"11":{"start":{"line":20,"column":57},"end":{"line":20,"column":70}},"12":{"start":{"line":21,"column":31},"end":{"line":21,"column":48}},"13":{"start":{"line":22,"column":8},"end":{"line":22,"column":38}},"14":{"start":{"line":23,"column":8},"end":{"line":23,"column":34}},"15":{"start":{"line":24,"column":8},"end":{"line":24,"column":22}},"16":{"start":{"line":27,"column":25},"end":{"line":33,"column":5}},"17":{"start":{"line":28,"column":31},"end":{"line":28,"column":67}},"18":{"start":{"line":28,"column":53},"end":{"line":28,"column":66}},"19":{"start":{"line":29,"column":33},"end":{"line":29,"column":52}},"20":{"start":{"line":30,"column":8},"end":{"line":30,"column":34}},"21":{"start":{"line":31,"column":8},"end":{"line":31,"column":38}},"22":{"start":{"line":32,"column":8},"end":{"line":32,"column":22}},"23":{"start":{"line":35,"column":24},"end":{"line":41,"column":5}},"24":{"start":{"line":36,"column":8},"end":{"line":40,"column":9}},"25":{"start":{"line":37,"column":12},"end":{"line":37,"column":28}},"26":{"start":{"line":39,"column":12},"end":{"line":39,"column":29}},"27":{"start":{"line":43,"column":24},"end":{"line":45,"column":5}},"28":{"start":{"line":44,"column":8},"end":{"line":44,"column":24}},"29":{"start":{"line":47,"column":4},"end":{"line":96,"column":6}},"30":{"start":{"line":59,"column":36},"end":{"line":59,"column":118}},"31":{"start":{"line":59,"column":85},"end":{"line":59,"column":101}},"32":{"start":{"line":74,"column":36},"end":{"line":74,"column":120}},"33":{"start":{"line":74,"column":85},"end":{"line":74,"column":103}}},"fnMap":{"0":{"name":"generateRandomString","decl":{"start":{"line":5,"column":9},"end":{"line":5,"column":29}},"loc":{"start":{"line":5,"column":37},"end":{"line":12,"column":1}},"line":5},"1":{"name":"Main","decl":{"start":{"line":14,"column":24},"end":{"line":14,"column":28}},"loc":{"start":{"line":14,"column":39},"end":{"line":97,"column":1}},"line":14},"2":{"name":"(anonymous_2)","decl":{"start":{"line":19,"column":23},"end":{"line":19,"column":24}},"loc":{"start":{"line":19,"column":33},"end":{"line":25,"column":5}},"line":19},"3":{"name":"(anonymous_3)","decl":{"start":{"line":20,"column":49},"end":{"line":20,"column":50}},"loc":{"start":{"line":20,"column":57},"end":{"line":20,"column":70}},"line":20},"4":{"name":"(anonymous_4)","decl":{"start":{"line":27,"column":25},"end":{"line":27,"column":26}},"loc":{"start":{"line":27,"column":35},"end":{"line":33,"column":5}},"line":27},"5":{"name":"(anonymous_5)","decl":{"start":{"line":28,"column":45},"end":{"line":28,"column":46}},"loc":{"start":{"line":28,"column":53},"end":{"line":28,"column":66}},"line":28},"6":{"name":"(anonymous_6)","decl":{"start":{"line":35,"column":24},"end":{"line":35,"column":25}},"loc":{"start":{"line":35,"column":30},"end":{"line":41,"column":5}},"line":35},"7":{"name":"(anonymous_7)","decl":{"start":{"line":43,"column":24},"end":{"line":43,"column":25}},"loc":{"start":{"line":43,"column":30},"end":{"line":45,"column":5}},"line":43},"8":{"name":"(anonymous_8)","decl":{"start":{"line":58,"column":47},"end":{"line":58,"column":48}},"loc":{"start":{"line":59,"column":36},"end":{"line":59,"column":118}},"line":59},"9":{"name":"(anonymous_9)","decl":{"start":{"line":59,"column":79},"end":{"line":59,"column":80}},"loc":{"start":{"line":59,"column":85},"end":{"line":59,"column":101}},"line":59},"10":{"name":"(anonymous_10)","decl":{"start":{"line":73,"column":45},"end":{"line":73,"column":46}},"loc":{"start":{"line":74,"column":36},"end":{"line":74,"column":120}},"line":74},"11":{"name":"(anonymous_11)","decl":{"start":{"line":74,"column":79},"end":{"line":74,"column":80}},"loc":{"start":{"line":74,"column":85},"end":{"line":74,"column":103}},"line":74}},"branchMap":{"0":{"loc":{"start":{"line":36,"column":8},"end":{"line":40,"column":9}},"type":"if","locations":[{"start":{"line":36,"column":8},"end":{"line":40,"column":9}},{"start":{"line":36,"column":8},"end":{"line":40,"column":9}}],"line":36},"1":{"loc":{"start":{"line":57,"column":29},"end":{"line":61,"column":75}},"type":"cond-expr","locations":[{"start":{"line":58,"column":34},"end":{"line":60,"column":34}},{"start":{"line":61,"column":34},"end":{"line":61,"column":75}}],"line":57},"2":{"loc":{"start":{"line":72,"column":29},"end":{"line":76,"column":77}},"type":"cond-expr","locations":[{"start":{"line":73,"column":34},"end":{"line":75,"column":34}},{"start":{"line":76,"column":34},"end":{"line":76,"column":77}}],"line":72},"3":{"loc":{"start":{"line":81,"column":17},"end":{"line":89,"column":26}},"type":"cond-expr","locations":[{"start":{"line":83,"column":24},"end":{"line":87,"column":30}},{"start":{"line":89,"column":22},"end":{"line":89,"column":26}}],"line":81},"4":{"loc":{"start":{"line":84,"column":63},"end":{"line":84,"column":87}},"type":"cond-expr","locations":[{"start":{"line":84,"column":72},"end":{"line":84,"column":79}},{"start":{"line":84,"column":82},"end":{"line":84,"column":87}}],"line":84},"5":{"loc":{"start":{"line":85,"column":33},"end":{"line":85,"column":81}},"type":"cond-expr","locations":[{"start":{"line":85,"column":42},"end":{"line":85,"column":61}},{"start":{"line":85,"column":64},"end":{"line":85,"column":81}}],"line":85}},"s":{"0":20,"1":20,"2":20,"3":76,"4":76,"5":20,"6":20,"7":20,"8":20,"9":20,"10":9,"11":35,"12":9,"13":9,"14":9,"15":9,"16":20,"17":1,"18":1,"19":1,"20":1,"21":1,"22":1,"23":20,"24":3,"25":1,"26":2,"27":20,"28":10,"29":20,"30":71,"31":9,"32":25,"33":1},"f":{"0":20,"1":20,"2":9,"3":35,"4":1,"5":1,"6":3,"7":10,"8":71,"9":9,"10":25,"11":1},"b":{"0":[1,2],"1":[18,2],"2":[11,9],"3":[3,17],"4":[1,2],"5":[1,2]},"_coverageSchema":"1a1c01bbd47fc00a2c39e90264f33305004495a9","hash":"f77959185cd48cd89a787646ca7d8826f87620f4"}
,"/Users/mdshadmirza/personal/rntl-demo/src/api.js": {"path":"/Users/mdshadmirza/personal/rntl-demo/src/api.js","statementMap":{"0":{"start":{"line":1,"column":19},"end":{"line":6,"column":1}},"1":{"start":{"line":2,"column":2},"end":{"line":5,"column":30}},"2":{"start":{"line":5,"column":18},"end":{"line":5,"column":28}}},"fnMap":{"0":{"name":"(anonymous_0)","decl":{"start":{"line":1,"column":19},"end":{"line":1,"column":20}},"loc":{"start":{"line":1,"column":43},"end":{"line":6,"column":1}},"line":1},"1":{"name":"(anonymous_1)","decl":{"start":{"line":5,"column":9},"end":{"line":5,"column":10}},"loc":{"start":{"line":5,"column":18},"end":{"line":5,"column":28}},"line":5}},"branchMap":{"0":{"loc":{"start":{"line":1,"column":26},"end":{"line":1,"column":38}},"type":"default-arg","locations":[{"start":{"line":1,"column":36},"end":{"line":1,"column":38}}],"line":1}},"s":{"0":1,"1":1,"2":1},"f":{"0":1,"1":1},"b":{"0":[1]},"_coverageSchema":"1a1c01bbd47fc00a2c39e90264f33305004495a9","hash":"d4ae0c89197b45e66e0e4818d3aa1720d634b3d6"}
}
