TN:
SF:src/Main.js
FN:5,generateRandomString
FN:14,Main
FN:19,(anonymous_2)
FN:20,(anonymous_3)
FN:27,(anonymous_4)
FN:28,(anonymous_5)
FN:35,(anonymous_6)
FN:43,(anonymous_7)
FN:58,(anonymous_8)
FN:59,(anonymous_9)
FN:73,(anonymous_10)
FN:74,(anonymous_11)
FNF:12
FNH:12
FNDA:19,generateRandomString
FNDA:19,Main
FNDA:9,(anonymous_2)
FNDA:35,(anonymous_3)
FNDA:1,(anonymous_4)
FNDA:1,(anonymous_5)
FNDA:3,(anonymous_6)
FNDA:10,(anonymous_7)
FNDA:70,(anonymous_8)
FNDA:9,(anonymous_9)
FNDA:25,(anonymous_10)
FNDA:1,(anonymous_11)
DA:6,19
DA:7,19
DA:8,76
DA:9,76
DA:11,19
DA:15,19
DA:16,19
DA:17,19
DA:19,19
DA:20,35
DA:21,9
DA:22,9
DA:23,9
DA:24,9
DA:27,19
DA:28,1
DA:29,1
DA:30,1
DA:31,1
DA:32,1
DA:35,19
DA:36,3
DA:37,1
DA:39,2
DA:43,19
DA:44,10
DA:47,19
DA:59,70
DA:74,25
LF:29
LH:29
BRDA:36,0,0,1
BRDA:36,0,1,2
BRDA:57,1,0,17
BRDA:57,1,1,2
BRDA:72,2,0,11
BRDA:72,2,1,8
BRDA:81,3,0,3
BRDA:81,3,1,16
BRDA:84,4,0,1
BRDA:84,4,1,2
BRDA:85,5,0,1
BRDA:85,5,1,2
BRF:12
BRH:12
end_of_record
